This file contains any messages produced by compilers while
running configure, to aid debugging if configure makes a mistake.

It was created by EOT-utilities configure 1.1, which was
generated by GNU Autoconf 2.68.  Invocation command line was

  $ ./../configure --prefix=/home/jessie_kirk/Builds/eot-utils/main/bin

## --------- ##
## Platform. ##
## --------- ##

hostname = avita-admiror-vm
uname -m = x86_64
uname -r = 5.13.0-28-generic
uname -s = Linux
uname -v = #31-Ubuntu SMP Thu Jan 13 17:41:06 UTC 2022

/usr/bin/uname -p = x86_64
/bin/uname -X     = unknown

/bin/arch              = x86_64
/usr/bin/arch -k       = unknown
/usr/convex/getsysinfo = unknown
/usr/bin/hostinfo      = unknown
/bin/machine           = unknown
/usr/bin/oslevel       = unknown
/bin/universe          = unknown

PATH: /home/jessie_kirk/Builds/MinGW-w64-jk/main/x86_64-pc-linux-gnu/bin
PATH: /usr/local/sbin
PATH: /usr/local/bin
PATH: /usr/sbin
PATH: /usr/bin
PATH: /sbin
PATH: /bin
PATH: /usr/games
PATH: /usr/local/games
PATH: /snap/bin
PATH: /snap/bin


## ----------- ##
## Core tests. ##
## ----------- ##

configure:2215: checking for a BSD-compatible install
configure:2283: result: /usr/bin/install -c
configure:2294: checking whether build environment is sane
configure:2344: result: yes
configure:2485: checking for a thread-safe mkdir -p
configure:2524: result: /usr/bin/mkdir -p
configure:2537: checking for gawk
configure:2567: result: no
configure:2537: checking for mawk
configure:2553: found /usr/bin/mawk
configure:2564: result: mawk
configure:2575: checking whether make sets $(MAKE)
configure:2597: result: yes
configure:2730: checking for gcc
configure:2746: found /home/jessie_kirk/Builds/MinGW-w64-jk/main/x86_64-pc-linux-gnu/bin/gcc
configure:2757: result: gcc
configure:2986: checking for C compiler version
configure:2995: gcc --version >&5
gcc (GCC) 12.0.1 20220214 (experimental)
Copyright (C) 2022 Free Software Foundation, Inc.
This is free software; see the source for copying conditions.  There is NO
warranty; not even for MERCHANTABILITY or FITNESS FOR A PARTICULAR PURPOSE.

configure:3006: $? = 0
configure:2995: gcc -v >&5
Using built-in specs.
COLLECT_GCC=gcc
COLLECT_LTO_WRAPPER=/home/jessie_kirk/Builds/MinGW-w64-jk/main/x86_64-pc-linux-gnu/bin/../libexec/gcc/x86_64-pc-linux-gnu/12.0.1/lto-wrapper
Target: x86_64-pc-linux-gnu
Configured with: ./../../src/gcc/configure --prefix=/home/jessie_kirk/Builds/mingw-w64-jk/main/x86_64-pc-linux-gnu --disable-multilib
Thread model: posix
Supported LTO compression algorithms: zlib
gcc version 12.0.1 20220214 (experimental) (GCC) 
configure:3006: $? = 0
configure:2995: gcc -V >&5
gcc: error: unrecognized command-line option '-V'
gcc: fatal error: no input files
compilation terminated.
configure:3006: $? = 1
configure:2995: gcc -qversion >&5
gcc: error: unrecognized command-line option '-qversion'; did you mean '--version'?
gcc: fatal error: no input files
compilation terminated.
configure:3006: $? = 1
configure:3026: checking whether the C compiler works
configure:3048: gcc    conftest.c  >&5
configure:3052: $? = 0
configure:3100: result: yes
configure:3103: checking for C compiler default output file name
configure:3105: result: a.out
configure:3111: checking for suffix of executables
configure:3118: gcc -o conftest    conftest.c  >&5
configure:3122: $? = 0
configure:3144: result: 
configure:3166: checking whether we are cross compiling
configure:3174: gcc -o conftest    conftest.c  >&5
configure:3178: $? = 0
configure:3185: ./conftest
configure:3189: $? = 0
configure:3204: result: no
configure:3209: checking for suffix of object files
configure:3231: gcc -c   conftest.c >&5
configure:3235: $? = 0
configure:3256: result: o
configure:3260: checking whether we are using the GNU C compiler
configure:3279: gcc -c   conftest.c >&5
configure:3279: $? = 0
configure:3288: result: yes
configure:3297: checking whether gcc accepts -g
configure:3317: gcc -c -g  conftest.c >&5
configure:3317: $? = 0
configure:3358: result: yes
configure:3375: checking for gcc option to accept ISO C89
configure:3439: gcc  -c -g -O2  conftest.c >&5
configure:3439: $? = 0
configure:3452: result: none needed
configure:3483: checking for style of include used by make
configure:3511: result: GNU
configure:3537: checking dependency style of gcc
configure:3648: result: gcc3
configure:3663: checking whether make sets $(MAKE)
configure:3685: result: yes
configure:3704: checking how to run the C preprocessor
configure:3735: gcc -E  conftest.c
configure:3735: $? = 0
configure:3749: gcc -E  conftest.c
conftest.c:11:10: fatal error: ac_nonexistent.h: No such file or directory
   11 | #include <ac_nonexistent.h>
      |          ^~~~~~~~~~~~~~~~~~
compilation terminated.
configure:3749: $? = 1
configure: failed program was:
| /* confdefs.h */
| #define PACKAGE_NAME "EOT-utilities"
| #define PACKAGE_TARNAME "eot-utilities"
| #define PACKAGE_VERSION "1.1"
| #define PACKAGE_STRING "EOT-utilities 1.1"
| #define PACKAGE_BUGREPORT "Bert Bos <bert@w3.org>"
| #define PACKAGE_URL ""
| #define PACKAGE "eot-utilities"
| #define VERSION "1.1"
| /* end confdefs.h.  */
| #include <ac_nonexistent.h>
configure:3774: result: gcc -E
configure:3794: gcc -E  conftest.c
configure:3794: $? = 0
configure:3808: gcc -E  conftest.c
conftest.c:11:10: fatal error: ac_nonexistent.h: No such file or directory
   11 | #include <ac_nonexistent.h>
      |          ^~~~~~~~~~~~~~~~~~
compilation terminated.
configure:3808: $? = 1
configure: failed program was:
| /* confdefs.h */
| #define PACKAGE_NAME "EOT-utilities"
| #define PACKAGE_TARNAME "eot-utilities"
| #define PACKAGE_VERSION "1.1"
| #define PACKAGE_STRING "EOT-utilities 1.1"
| #define PACKAGE_BUGREPORT "Bert Bos <bert@w3.org>"
| #define PACKAGE_URL ""
| #define PACKAGE "eot-utilities"
| #define VERSION "1.1"
| /* end confdefs.h.  */
| #include <ac_nonexistent.h>
configure:3837: checking for grep that handles long lines and -e
configure:3895: result: /usr/bin/grep
configure:3900: checking for egrep
configure:3962: result: /usr/bin/grep -E
configure:3967: checking for ANSI C header files
configure:3987: gcc -c -g -O2  conftest.c >&5
configure:3987: $? = 0
configure:4060: gcc -o conftest -g -O2   conftest.c  >&5
configure:4060: $? = 0
configure:4060: ./conftest
configure:4060: $? = 0
configure:4071: result: yes
configure:4084: checking for sys/types.h
configure:4084: gcc -c -g -O2  conftest.c >&5
configure:4084: $? = 0
configure:4084: result: yes
configure:4084: checking for sys/stat.h
configure:4084: gcc -c -g -O2  conftest.c >&5
configure:4084: $? = 0
configure:4084: result: yes
configure:4084: checking for stdlib.h
configure:4084: gcc -c -g -O2  conftest.c >&5
configure:4084: $? = 0
configure:4084: result: yes
configure:4084: checking for string.h
configure:4084: gcc -c -g -O2  conftest.c >&5
configure:4084: $? = 0
configure:4084: result: yes
configure:4084: checking for memory.h
configure:4084: gcc -c -g -O2  conftest.c >&5
configure:4084: $? = 0
configure:4084: result: yes
configure:4084: checking for strings.h
configure:4084: gcc -c -g -O2  conftest.c >&5
configure:4084: $? = 0
configure:4084: result: yes
configure:4084: checking for inttypes.h
configure:4084: gcc -c -g -O2  conftest.c >&5
configure:4084: $? = 0
configure:4084: result: yes
configure:4084: checking for stdint.h
configure:4084: gcc -c -g -O2  conftest.c >&5
configure:4084: $? = 0
configure:4084: result: yes
configure:4084: checking for unistd.h
configure:4084: gcc -c -g -O2  conftest.c >&5
configure:4084: $? = 0
configure:4084: result: yes
configure:4099: checking for stdlib.h
configure:4099: result: yes
configure:4099: checking for string.h
configure:4099: result: yes
configure:4111: checking for stdbool.h that conforms to C99
configure:4178: gcc -c -g -O2  conftest.c >&5
configure:4178: $? = 0
configure:4185: result: yes
configure:4187: checking for _Bool
configure:4187: gcc -c -g -O2  conftest.c >&5
configure:4187: $? = 0
configure:4187: gcc -c -g -O2  conftest.c >&5
conftest.c: In function 'main':
conftest.c:59:20: error: expected expression before ')' token
   59 | if (sizeof ((_Bool)))
      |                    ^
configure:4187: $? = 1
configure: failed program was:
| /* confdefs.h */
| #define PACKAGE_NAME "EOT-utilities"
| #define PACKAGE_TARNAME "eot-utilities"
| #define PACKAGE_VERSION "1.1"
| #define PACKAGE_STRING "EOT-utilities 1.1"
| #define PACKAGE_BUGREPORT "Bert Bos <bert@w3.org>"
| #define PACKAGE_URL ""
| #define PACKAGE "eot-utilities"
| #define VERSION "1.1"
| #define STDC_HEADERS 1
| #define HAVE_SYS_TYPES_H 1
| #define HAVE_SYS_STAT_H 1
| #define HAVE_STDLIB_H 1
| #define HAVE_STRING_H 1
| #define HAVE_MEMORY_H 1
| #define HAVE_STRINGS_H 1
| #define HAVE_INTTYPES_H 1
| #define HAVE_STDINT_H 1
| #define HAVE_UNISTD_H 1
| #define HAVE_STDLIB_H 1
| #define HAVE_STRING_H 1
| /* end confdefs.h.  */
| #include <stdio.h>
| #ifdef HAVE_SYS_TYPES_H
| # include <sys/types.h>
| #endif
| #ifdef HAVE_SYS_STAT_H
| # include <sys/stat.h>
| #endif
| #ifdef STDC_HEADERS
| # include <stdlib.h>
| # include <stddef.h>
| #else
| # ifdef HAVE_STDLIB_H
| #  include <stdlib.h>
| # endif
| #endif
| #ifdef HAVE_STRING_H
| # if !defined STDC_HEADERS && defined HAVE_MEMORY_H
| #  include <memory.h>
| # endif
| # include <string.h>
| #endif
| #ifdef HAVE_STRINGS_H
| # include <strings.h>
| #endif
| #ifdef HAVE_INTTYPES_H
| # include <inttypes.h>
| #endif
| #ifdef HAVE_STDINT_H
| # include <stdint.h>
| #endif
| #ifdef HAVE_UNISTD_H
| # include <unistd.h>
| #endif
| int
| main ()
| {
| if (sizeof ((_Bool)))
| 	    return 0;
|   ;
|   return 0;
| }
configure:4187: result: yes
configure:4207: checking for stdlib.h
configure:4207: result: yes
configure:4217: checking for GNU libc compatible malloc
configure:4241: gcc -o conftest -g -O2   conftest.c  >&5
configure:4241: $? = 0
configure:4241: ./conftest
configure:4241: $? = 0
configure:4251: result: yes
configure:4272: checking for working memcmp
configure:4315: gcc -o conftest -g -O2   conftest.c  >&5
configure:4315: $? = 0
configure:4315: ./conftest
configure:4315: $? = 0
configure:4325: result: yes
configure:4336: checking for stdlib.h
configure:4336: result: yes
configure:4346: checking for GNU libc compatible realloc
configure:4370: gcc -o conftest -g -O2   conftest.c  >&5
configure:4370: $? = 0
configure:4370: ./conftest
configure:4370: $? = 0
configure:4380: result: yes
configure:4403: checking for memset
configure:4403: gcc -o conftest -g -O2   conftest.c  >&5
conftest.c:52:6: warning: conflicting types for built-in function 'memset'; expected 'void *(void *, int,  long unsigned int)' [-Wbuiltin-declaration-mismatch]
   52 | char memset ();
      |      ^~~~~~
conftest.c:40:1: note: 'memset' is declared in header '<string.h>'
   39 | # include <limits.h>
   40 | #else
configure:4403: $? = 0
configure:4403: result: yes
configure:4537: creating ./config.status

## ---------------------- ##
## Running config.status. ##
## ---------------------- ##

This file was extended by EOT-utilities config.status 1.1, which was
generated by GNU Autoconf 2.68.  Invocation command line was

  CONFIG_FILES    = 
  CONFIG_HEADERS  = 
  CONFIG_LINKS    = 
  CONFIG_COMMANDS = 
  $ ./config.status 

on avita-admiror-vm

config.status:869: creating Makefile
config.status:869: creating config.h
config.status:1083: executing depfiles commands

## ---------------- ##
## Cache variables. ##
## ---------------- ##

ac_cv_c_compiler_gnu=yes
ac_cv_env_CC_set=
ac_cv_env_CC_value=
ac_cv_env_CFLAGS_set=
ac_cv_env_CFLAGS_value=
ac_cv_env_CPPFLAGS_set=
ac_cv_env_CPPFLAGS_value=
ac_cv_env_CPP_set=
ac_cv_env_CPP_value=
ac_cv_env_LDFLAGS_set=
ac_cv_env_LDFLAGS_value=
ac_cv_env_LIBS_set=
ac_cv_env_LIBS_value=
ac_cv_env_build_alias_set=
ac_cv_env_build_alias_value=
ac_cv_env_host_alias_set=
ac_cv_env_host_alias_value=
ac_cv_env_target_alias_set=
ac_cv_env_target_alias_value=
ac_cv_func_malloc_0_nonnull=yes
ac_cv_func_memcmp_working=yes
ac_cv_func_memset=yes
ac_cv_func_realloc_0_nonnull=yes
ac_cv_header_inttypes_h=yes
ac_cv_header_memory_h=yes
ac_cv_header_stdbool_h=yes
ac_cv_header_stdc=yes
ac_cv_header_stdint_h=yes
ac_cv_header_stdlib_h=yes
ac_cv_header_string_h=yes
ac_cv_header_strings_h=yes
ac_cv_header_sys_stat_h=yes
ac_cv_header_sys_types_h=yes
ac_cv_header_unistd_h=yes
ac_cv_objext=o
ac_cv_path_EGREP='/usr/bin/grep -E'
ac_cv_path_GREP=/usr/bin/grep
ac_cv_path_install='/usr/bin/install -c'
ac_cv_path_mkdir=/usr/bin/mkdir
ac_cv_prog_AWK=mawk
ac_cv_prog_CPP='gcc -E'
ac_cv_prog_ac_ct_CC=gcc
ac_cv_prog_cc_c89=
ac_cv_prog_cc_g=yes
ac_cv_prog_make_make_set=yes
ac_cv_type__Bool=yes
am_cv_CC_dependencies_compiler_type=gcc3

## ----------------- ##
## Output variables. ##
## ----------------- ##

ACLOCAL='${SHELL} /home/jessie_kirk/Builds/eot-utils/main/missing --run aclocal-1.11'
AMDEPBACKSLASH='\'
AMDEP_FALSE='#'
AMDEP_TRUE=''
AMTAR='$${TAR-tar}'
AUTOCONF='${SHELL} /home/jessie_kirk/Builds/eot-utils/main/missing --run autoconf'
AUTOHEADER='${SHELL} /home/jessie_kirk/Builds/eot-utils/main/missing --run autoheader'
AUTOMAKE='${SHELL} /home/jessie_kirk/Builds/eot-utils/main/missing --run automake-1.11'
AWK='mawk'
CC='gcc'
CCDEPMODE='depmode=gcc3'
CFLAGS='-g -O2'
CPP='gcc -E'
CPPFLAGS=''
CYGPATH_W='echo'
DEFS='-DHAVE_CONFIG_H'
DEPDIR='.deps'
ECHO_C=''
ECHO_N='-n'
ECHO_T=''
EGREP='/usr/bin/grep -E'
EXEEXT=''
GREP='/usr/bin/grep'
INSTALL_DATA='${INSTALL} -m 644'
INSTALL_PROGRAM='${INSTALL}'
INSTALL_SCRIPT='${INSTALL}'
INSTALL_STRIP_PROGRAM='$(install_sh) -c -s'
LDFLAGS=''
LIBOBJS=''
LIBS=''
LTLIBOBJS=''
MAKEINFO='${SHELL} /home/jessie_kirk/Builds/eot-utils/main/missing --run makeinfo'
MKDIR_P='/usr/bin/mkdir -p'
OBJEXT='o'
PACKAGE='eot-utilities'
PACKAGE_BUGREPORT='Bert Bos <bert@w3.org>'
PACKAGE_NAME='EOT-utilities'
PACKAGE_STRING='EOT-utilities 1.1'
PACKAGE_TARNAME='eot-utilities'
PACKAGE_URL=''
PACKAGE_VERSION='1.1'
PATH_SEPARATOR=':'
SET_MAKE=''
SHELL='/bin/bash'
STRIP=''
VERSION='1.1'
ac_ct_CC='gcc'
am__EXEEXT_FALSE=''
am__EXEEXT_TRUE='#'
am__fastdepCC_FALSE='#'
am__fastdepCC_TRUE=''
am__include='include'
am__isrc=' -I$(srcdir)'
am__leading_dot='.'
am__nodep='_no'
am__quote=''
am__tar='$${TAR-tar} chof - "$$tardir"'
am__untar='$${TAR-tar} xf -'
bindir='${exec_prefix}/bin'
build_alias=''
datadir='${datarootdir}'
datarootdir='${prefix}/share'
docdir='${datarootdir}/doc/${PACKAGE_TARNAME}'
dvidir='${docdir}'
exec_prefix='${prefix}'
host_alias=''
htmldir='${docdir}'
includedir='${prefix}/include'
infodir='${datarootdir}/info'
install_sh='${SHELL} /home/jessie_kirk/Builds/eot-utils/main/install-sh'
libdir='${exec_prefix}/lib'
libexecdir='${exec_prefix}/libexec'
localedir='${datarootdir}/locale'
localstatedir='${prefix}/var'
mandir='${datarootdir}/man'
mkdir_p='/usr/bin/mkdir -p'
oldincludedir='/usr/include'
pdfdir='${docdir}'
prefix='/home/jessie_kirk/Builds/eot-utils/main/bin'
program_transform_name='s,x,x,'
psdir='${docdir}'
sbindir='${exec_prefix}/sbin'
sharedstatedir='${prefix}/com'
sysconfdir='${prefix}/etc'
target_alias=''

## ----------- ##
## confdefs.h. ##
## ----------- ##

/* confdefs.h */
#define PACKAGE_NAME "EOT-utilities"
#define PACKAGE_TARNAME "eot-utilities"
#define PACKAGE_VERSION "1.1"
#define PACKAGE_STRING "EOT-utilities 1.1"
#define PACKAGE_BUGREPORT "Bert Bos <bert@w3.org>"
#define PACKAGE_URL ""
#define PACKAGE "eot-utilities"
#define VERSION "1.1"
#define STDC_HEADERS 1
#define HAVE_SYS_TYPES_H 1
#define HAVE_SYS_STAT_H 1
#define HAVE_STDLIB_H 1
#define HAVE_STRING_H 1
#define HAVE_MEMORY_H 1
#define HAVE_STRINGS_H 1
#define HAVE_INTTYPES_H 1
#define HAVE_STDINT_H 1
#define HAVE_UNISTD_H 1
#define HAVE_STDLIB_H 1
#define HAVE_STRING_H 1
#define HAVE__BOOL 1
#define HAVE_STDBOOL_H 1
#define HAVE_STDLIB_H 1
#define HAVE_MALLOC 1
#define HAVE_STDLIB_H 1
#define HAVE_REALLOC 1
#define HAVE_MEMSET 1

configure: exit 0
